<testng-results>
  <reporter-output>
  </reporter-output>
  <suite name="Command line suite">
    <groups>
      <group name="unit">
        <method signature="org.mifos.test.framework.util.DatabaseTestUtilsTest.testCreateClient()" name="testCreateClient" class="org.mifos.test.framework.util.DatabaseTestUtilsTest"/>
      </group>
    </groups>
    <test name="Command line test">
      <class name="org.mifos.test.framework.util.DatabaseTestUtilsTest">
        <test-method status="PASS" signature="testCreateClient()" name="testCreateClient" duration-ms="0" started-at="2008-10-01T13:15:18Z" finished-at="2008-10-01T13:15:18Z">
        </test-method>
      </class>
    </test>
  </suite>
</testng-results>
