<?xml version="1.0" encoding="UTF-8"?>
<testsuite name="org.mifos.client.service.BasicClientServiceTest" failures="0" tests="8" time="0.766" errors="0">
  <properties/>
  <testcase name="testCreateClientTooLongName" time="0.218" classname="org.mifos.client.service.BasicClientServiceTest"/>
  <testcase name="testCreateClientLongName" time="0.0" classname="org.mifos.client.service.BasicClientServiceTest"/>
  <testcase name="testCreateClientEmptyName" time="0.0" classname="org.mifos.client.service.BasicClientServiceTest"/>
  <testcase name="testGetClient" time="0.016" classname="org.mifos.client.service.BasicClientServiceTest"/>
  <testcase name="testCreateClientBadDateOfBirth" time="0.016" classname="org.mifos.client.service.BasicClientServiceTest"/>
  <testcase name="testCreateClient" time="0.0" classname="org.mifos.client.service.BasicClientServiceTest"/>
  <testcase name="testCreateClientGoodDateOfBirth" time="0.0" classname="org.mifos.client.service.BasicClientServiceTest"/>
  <testcase name="testCreateClientNullDate" time="0.0" classname="org.mifos.client.service.BasicClientServiceTest"/>
</testsuite>
